2018-11-14 21:57:41,688 ERROR: Exception on /index [GET] [in /Users/johntemplon/.virtualenvs/flask/lib/python3.6/site-packages/flask/app.py:1761]
Traceback (most recent call last):
  File "/Users/johntemplon/.virtualenvs/flask/lib/python3.6/site-packages/flask/app.py", line 2292, in wsgi_app
    response = self.full_dispatch_request()
  File "/Users/johntemplon/.virtualenvs/flask/lib/python3.6/site-packages/flask/app.py", line 1815, in full_dispatch_request
    rv = self.handle_user_exception(e)
  File "/Users/johntemplon/.virtualenvs/flask/lib/python3.6/site-packages/flask/app.py", line 1718, in handle_user_exception
    reraise(exc_type, exc_value, tb)
  File "/Users/johntemplon/.virtualenvs/flask/lib/python3.6/site-packages/flask/_compat.py", line 35, in reraise
    raise value
  File "/Users/johntemplon/.virtualenvs/flask/lib/python3.6/site-packages/flask/app.py", line 1813, in full_dispatch_request
    rv = self.dispatch_request()
  File "/Users/johntemplon/.virtualenvs/flask/lib/python3.6/site-packages/flask/app.py", line 1799, in dispatch_request
    return self.view_functions[rule.endpoint](**req.view_args)
  File "/Users/johntemplon/.virtualenvs/flask/lib/python3.6/site-packages/flask_login/utils.py", line 261, in decorated_view
    return func(*args, **kwargs)
  File "/Users/johntemplon/Desktop/stock-exchange-app/app/routes.py", line 21, in index
    return render_template('index.html', title='Home', holdings=current_user.holdings)
  File "/Users/johntemplon/.virtualenvs/flask/lib/python3.6/site-packages/flask/templating.py", line 135, in render_template
    context, ctx.app)
  File "/Users/johntemplon/.virtualenvs/flask/lib/python3.6/site-packages/flask/templating.py", line 117, in _render
    rv = template.render(context)
  File "/Users/johntemplon/.virtualenvs/flask/lib/python3.6/site-packages/jinja2/asyncsupport.py", line 76, in render
    return original_render(self, *args, **kwargs)
  File "/Users/johntemplon/.virtualenvs/flask/lib/python3.6/site-packages/jinja2/environment.py", line 1008, in render
    return self.environment.handle_exception(exc_info, True)
  File "/Users/johntemplon/.virtualenvs/flask/lib/python3.6/site-packages/jinja2/environment.py", line 780, in handle_exception
    reraise(exc_type, exc_value, tb)
  File "/Users/johntemplon/.virtualenvs/flask/lib/python3.6/site-packages/jinja2/_compat.py", line 37, in reraise
    raise value.with_traceback(tb)
  File "/Users/johntemplon/Desktop/stock-exchange-app/app/templates/index.html", line 1, in top-level template code
    {% extends "base.html" %}
  File "/Users/johntemplon/Desktop/stock-exchange-app/app/templates/base.html", line 1, in top-level template code
    {% extends 'bootstrap/base.html' %}
  File "/Users/johntemplon/.virtualenvs/flask/lib/python3.6/site-packages/flask_bootstrap/templates/bootstrap/base.html", line 1, in top-level template code
    {% block doc -%}
  File "/Users/johntemplon/.virtualenvs/flask/lib/python3.6/site-packages/flask_bootstrap/templates/bootstrap/base.html", line 4, in block "doc"
    {%- block html %}
  File "/Users/johntemplon/.virtualenvs/flask/lib/python3.6/site-packages/flask_bootstrap/templates/bootstrap/base.html", line 20, in block "html"
    {% block body -%}
  File "/Users/johntemplon/.virtualenvs/flask/lib/python3.6/site-packages/flask_bootstrap/templates/bootstrap/base.html", line 23, in block "body"
    {% block content -%}
  File "/Users/johntemplon/Desktop/stock-exchange-app/app/templates/base.html", line 39, in block "content"
    {% block app_content %}{% endblock %}
  File "/Users/johntemplon/Desktop/stock-exchange-app/app/templates/index.html", line 5, in block "app_content"
    <p>Your portfolio is currently worth {{ '{$:0.2f}'.format(current_user.portfolio_value())}}.</p>
KeyError: '$'
2018-11-14 21:58:04,033 INFO: Stock Exchange startup [in /Users/johntemplon/Desktop/stock-exchange-app/app/__init__.py:55]
2018-11-14 22:00:18,614 INFO: Stock Exchange startup [in /Users/johntemplon/Desktop/stock-exchange-app/app/__init__.py:55]
